  button.cpp
C:\Users\NikolasVaitsis\Desktop\3ο Εξάνημο\C++\C-Vic-Nick-\src\Movie\Movie\button.h(3,10): warning C4067: unexpected tokens following preprocessor directive - expected a newline
  container_box.cpp
  filmBrowser.cpp
C:\Users\NikolasVaitsis\Desktop\3ο Εξάνημο\C++\C-Vic-Nick-\src\Movie\Movie\button.h(3,10): warning C4067: unexpected tokens following preprocessor directive - expected a newline
C:\Users\NikolasVaitsis\Desktop\3ο Εξάνημο\C++\C-Vic-Nick-\src\Movie\Movie\filmBrowser.cpp(57,160): warning C4305: 'argument': truncation from 'double' to 'float'
C:\Users\NikolasVaitsis\Desktop\3ο Εξάνημο\C++\C-Vic-Nick-\src\Movie\Movie\filmBrowser.cpp(62,161): warning C4305: 'argument': truncation from 'double' to 'float'
  main.cpp
C:\Users\NikolasVaitsis\Desktop\3ο Εξάνημο\C++\C-Vic-Nick-\src\Movie\Movie\main.cpp(31,23): warning C4129: 'o': unrecognized character escape sequence
  movie.cpp
C:\Users\NikolasVaitsis\Desktop\3ο Εξάνημο\C++\C-Vic-Nick-\src\Movie\Movie\movie.cpp(1,10): warning C4067: unexpected tokens following preprocessor directive - expected a newline
C:\Users\NikolasVaitsis\Desktop\3ο Εξάνημο\C++\C-Vic-Nick-\src\Movie\Movie\movie.cpp(154,24): warning C4267: 'initializing': conversion from 'size_t' to 'int', possible loss of data
C:\Users\NikolasVaitsis\Desktop\3ο Εξάνημο\C++\C-Vic-Nick-\src\Movie\Movie\movie.cpp(225,36): warning C4267: '=': conversion from 'size_t' to 'int', possible loss of data
  movies_list.cpp
C:\Users\NikolasVaitsis\Desktop\3ο Εξάνημο\C++\C-Vic-Nick-\src\Movie\Movie\movies_list.cpp(30,35): warning C4267: '=': conversion from 'size_t' to 'int', possible loss of data
C:\Users\NikolasVaitsis\Desktop\3ο Εξάνημο\C++\C-Vic-Nick-\src\Movie\Movie\movies_list.cpp(34,43): warning C4267: '=': conversion from 'size_t' to 'int', possible loss of data
  text_container.cpp
  widget.cpp
  Generating Code...
  Movie.vcxproj -> C:\Users\NikolasVaitsis\Desktop\3ο Εξάνημο\C++\C-Vic-Nick-\src\Movie\bin\Movied.exe
